<?xml version="1.0" encoding="UTF-8"?>
<testsuite xmlns:xsi="http://www.w3.org/2001/XMLSchema-instance" xsi:noNamespaceSchemaLocation="https://maven.apache.org/surefire/maven-surefire-plugin/xsd/surefire-test-report-3.0.xsd" version="3.0" name="com.walmart.ecartReviews.EcartReviewsApplicationTests" time="21.106" tests="12" errors="0" skipped="0" failures="0">
  <properties>
[...]
</properties>
  <testcase name="testMain" classname="com.walmart.ecartReviews.EcartReviewsApplicationTests" time="3.169">
    <system-out><![CDATA[21:58:10.693 [main] INFO org.springframework.test.context.support.AnnotationConfigContextLoaderUtils -- Could not detect default configuration classes for test class [com.walmart.ecartReviews.EcartReviewsApplicationTests]: EcartReviewsApplicationTests does not declare any static, non-private, non-final, nested classes annotated with @Configuration.
21:58:10.927 [main] INFO org.springframework.boot.test.context.SpringBootTestContextBootstrapper -- Found @SpringBootConfiguration com.walmart.ecartReviews.EcartReviewsApplication for test class com.walmart.ecartReviews.EcartReviewsApplicationTests

  .   ____          _            __ _ _
 /\\ / ___'_ __ _ _(_)_ __  __ _ \ \ \ \
( ( )\___ | '_ | '_| | '_ \/ _` | \ \ \ \
 \\/  ___)| |_)| | | | | || (_| |  ) ) ) )
  '  |____| .__|_| |_|_| |_\__, | / / / /
 =========|_|==============|___/=/_/_/_/
 :: Spring Boot ::                (v3.1.4)


  .   ____          _            __ _ _
 /\\ / ___'_ __ _ _(_)_ __  __ _ \ \ \ \
( ( )\___ | '_ | '_| | '_ \/ _` | \ \ \ \
 \\/  ___)| |_)| | | | | || (_| |  ) ) ) )
  '  |____| .__|_| |_|_| |_\__, | / / / /
 =========|_|==============|___/=/_/_/_/
 :: Spring Boot ::                (v3.1.4)

]]></system-out>
  </testcase>
  <testcase name="test_getAllreviews" classname="com.walmart.ecartReviews.EcartReviewsApplicationTests" time="2.312"/>
  <testcase name="test_productNotFound" classname="com.walmart.ecartReviews.EcartReviewsApplicationTests" time="0.083"/>
  <testcase name="test_ratingNotFound" classname="com.walmart.ecartReviews.EcartReviewsApplicationTests" time="0.036"/>
  <testcase name="test_getCommentsForGivenRating" classname="com.walmart.ecartReviews.EcartReviewsApplicationTests" time="0.087"/>
  <testcase name="test_addNewCommentsWithoutHeader" classname="com.walmart.ecartReviews.EcartReviewsApplicationTests" time="0.03"/>
  <testcase name="test_addNewCommentsWithHeader" classname="com.walmart.ecartReviews.EcartReviewsApplicationTests" time="3.727"/>
  <testcase name="test_cmt_getAllreview" classname="com.walmart.ecartReviews.EcartReviewsApplicationTests" time="0.075"/>
  <testcase name="test_cmt_getByproductId" classname="com.walmart.ecartReviews.EcartReviewsApplicationTests" time="0.104"/>
  <testcase name="test_cmt_addNewCommentWithHeader" classname="com.walmart.ecartReviews.EcartReviewsApplicationTests" time="3.347">
    <system-out><![CDATA[
]]></system-out>
  </testcase>
  <testcase name="test_cmt_addNewCommentWithoutHeader" classname="com.walmart.ecartReviews.EcartReviewsApplicationTests" time="0.004">
    <system-out><![CDATA[
]]></system-out>
  </testcase>
  <testcase name="test_cmt_deleteComment" classname="com.walmart.ecartReviews.EcartReviewsApplicationTests" time="0.087"/>
</testsuite>